0 info it worked if it ends with ok
1 verbose cli [ 'D:\\Programas\\nodejs\\node.exe',
1 verbose cli   'D:\\Programas\\nodejs\\node_modules\\npm\\bin\\npm-cli.js',
1 verbose cli   'install',
1 verbose cli   '-g',
1 verbose cli   'create-react-app',
1 verbose cli   '05pantallanueva' ]
2 info using npm@3.10.10
3 info using node@v6.11.4
4 silly loadCurrentTree Starting
5 silly install loadCurrentTree
6 silly install readGlobalPackageData
7 silly fetchPackageMetaData create-react-app
8 silly fetchPackageMetaData 05pantallanueva
9 silly fetchNamedPackageData create-react-app
10 silly mapToRegistry name create-react-app
11 silly mapToRegistry using default registry
12 silly mapToRegistry registry http://registry.npmjs.org/
13 silly mapToRegistry data Result {
13 silly mapToRegistry   raw: 'create-react-app',
13 silly mapToRegistry   scope: null,
13 silly mapToRegistry   escapedName: 'create-react-app',
13 silly mapToRegistry   name: 'create-react-app',
13 silly mapToRegistry   rawSpec: '',
13 silly mapToRegistry   spec: 'latest',
13 silly mapToRegistry   type: 'tag' }
14 silly mapToRegistry uri http://registry.npmjs.org/create-react-app
15 silly fetchNamedPackageData 05pantallanueva
16 silly mapToRegistry name 05pantallanueva
17 silly mapToRegistry using default registry
18 silly mapToRegistry registry http://registry.npmjs.org/
19 silly mapToRegistry data Result {
19 silly mapToRegistry   raw: '05pantallanueva',
19 silly mapToRegistry   scope: null,
19 silly mapToRegistry   escapedName: '05pantallanueva',
19 silly mapToRegistry   name: '05pantallanueva',
19 silly mapToRegistry   rawSpec: '',
19 silly mapToRegistry   spec: 'latest',
19 silly mapToRegistry   type: 'tag' }
20 silly mapToRegistry uri http://registry.npmjs.org/05pantallanueva
21 verbose request uri http://registry.npmjs.org/05pantallanueva
22 verbose request no auth needed
23 info attempt registry request try #1 at 13:52:05
24 verbose request id a60596c58f6767ab
25 http request GET http://registry.npmjs.org/05pantallanueva
26 verbose request uri http://registry.npmjs.org/create-react-app
27 verbose request no auth needed
28 info attempt registry request try #1 at 13:52:05
29 verbose etag W/"59e5271e-d1fb"
30 verbose lastModified Mon, 16 Oct 2017 21:39:42 GMT
31 http request GET http://registry.npmjs.org/create-react-app
32 http 404 http://registry.npmjs.org/05pantallanueva
33 verbose headers { 'cache-control': 'max-age=0',
33 verbose headers   'accept-ranges': 'bytes',
33 verbose headers   date: 'Wed, 18 Oct 2017 11:52:08 GMT',
33 verbose headers   'x-served-by': 'cache-mad9423-MAD',
33 verbose headers   'x-cache': 'MISS',
33 verbose headers   'x-cache-hits': '0',
33 verbose headers   'x-timer': 'S1508327526.007998,VS0,VE2129',
33 verbose headers   vary: 'Accept-Encoding',
33 verbose headers   'content-length': '2',
33 verbose headers   'content-type': 'application/json',
33 verbose headers   age: '2',
33 verbose headers   connection: 'keep-alive',
33 verbose headers   'proxy-connection': 'keep-alive' }
34 silly get cb [ 404,
34 silly get   { 'cache-control': 'max-age=0',
34 silly get     'accept-ranges': 'bytes',
34 silly get     date: 'Wed, 18 Oct 2017 11:52:08 GMT',
34 silly get     'x-served-by': 'cache-mad9423-MAD',
34 silly get     'x-cache': 'MISS',
34 silly get     'x-cache-hits': '0',
34 silly get     'x-timer': 'S1508327526.007998,VS0,VE2129',
34 silly get     vary: 'Accept-Encoding',
34 silly get     'content-length': '2',
34 silly get     'content-type': 'application/json',
34 silly get     age: '2',
34 silly get     connection: 'keep-alive',
34 silly get     'proxy-connection': 'keep-alive' } ]
35 silly fetchPackageMetaData Error: Registry returned 404 for GET on http://registry.npmjs.org/05pantallanueva
35 silly fetchPackageMetaData     at makeError (D:\Programas\nodejs\node_modules\npm\node_modules\npm-registry-client\lib\request.js:302:12)
35 silly fetchPackageMetaData     at CachingRegistryClient.<anonymous> (D:\Programas\nodejs\node_modules\npm\node_modules\npm-registry-client\lib\request.js:280:14)
35 silly fetchPackageMetaData     at Request._callback (D:\Programas\nodejs\node_modules\npm\node_modules\npm-registry-client\lib\request.js:210:14)
35 silly fetchPackageMetaData     at Request.self.callback (D:\Programas\nodejs\node_modules\npm\node_modules\request\request.js:187:22)
35 silly fetchPackageMetaData     at emitTwo (events.js:106:13)
35 silly fetchPackageMetaData     at Request.emit (events.js:191:7)
35 silly fetchPackageMetaData     at Request.<anonymous> (D:\Programas\nodejs\node_modules\npm\node_modules\request\request.js:1048:10)
35 silly fetchPackageMetaData     at emitOne (events.js:96:13)
35 silly fetchPackageMetaData     at Request.emit (events.js:188:7)
35 silly fetchPackageMetaData     at IncomingMessage.<anonymous> (D:\Programas\nodejs\node_modules\npm\node_modules\request\request.js:969:12)
35 silly fetchPackageMetaData  error for 05pantallanueva { Error: Registry returned 404 for GET on http://registry.npmjs.org/05pantallanueva
35 silly fetchPackageMetaData     at makeError (D:\Programas\nodejs\node_modules\npm\node_modules\npm-registry-client\lib\request.js:302:12)
35 silly fetchPackageMetaData     at CachingRegistryClient.<anonymous> (D:\Programas\nodejs\node_modules\npm\node_modules\npm-registry-client\lib\request.js:280:14)
35 silly fetchPackageMetaData     at Request._callback (D:\Programas\nodejs\node_modules\npm\node_modules\npm-registry-client\lib\request.js:210:14)
35 silly fetchPackageMetaData     at Request.self.callback (D:\Programas\nodejs\node_modules\npm\node_modules\request\request.js:187:22)
35 silly fetchPackageMetaData     at emitTwo (events.js:106:13)
35 silly fetchPackageMetaData     at Request.emit (events.js:191:7)
35 silly fetchPackageMetaData     at Request.<anonymous> (D:\Programas\nodejs\node_modules\npm\node_modules\request\request.js:1048:10)
35 silly fetchPackageMetaData     at emitOne (events.js:96:13)
35 silly fetchPackageMetaData     at Request.emit (events.js:188:7)
35 silly fetchPackageMetaData     at IncomingMessage.<anonymous> (D:\Programas\nodejs\node_modules\npm\node_modules\request\request.js:969:12) pkgid: '05pantallanueva', statusCode: 404, code: 'E404' }
36 http 304 http://registry.npmjs.org/create-react-app
37 verbose headers { date: 'Wed, 18 Oct 2017 11:52:06 GMT',
37 verbose headers   'cache-control': 'max-age=300',
37 verbose headers   etag: 'W/"59e5271e-d1fb"',
37 verbose headers   'x-served-by': 'cache-mad9431-MAD',
37 verbose headers   'x-cache': 'HIT',
37 verbose headers   'x-cache-hits': '1',
37 verbose headers   'x-timer': 'S1508327526.016268,VS0,VE3049',
37 verbose headers   vary: 'Accept-Encoding, Accept',
37 verbose headers   age: '5',
37 verbose headers   connection: 'keep-alive',
37 verbose headers   'proxy-connection': 'keep-alive' }
38 silly get cb [ 304,
38 silly get   { date: 'Wed, 18 Oct 2017 11:52:06 GMT',
38 silly get     'cache-control': 'max-age=300',
38 silly get     etag: 'W/"59e5271e-d1fb"',
38 silly get     'x-served-by': 'cache-mad9431-MAD',
38 silly get     'x-cache': 'HIT',
38 silly get     'x-cache-hits': '1',
38 silly get     'x-timer': 'S1508327526.016268,VS0,VE3049',
38 silly get     vary: 'Accept-Encoding, Accept',
38 silly get     age: '5',
38 silly get     connection: 'keep-alive',
38 silly get     'proxy-connection': 'keep-alive' } ]
39 verbose etag http://registry.npmjs.org/create-react-app from cache
40 verbose get saving create-react-app to C:\Users\cfernandezmo\AppData\Roaming\npm-cache\registry.npmjs.org\create-react-app\.cache.json
41 verbose correctMkdir C:\Users\cfernandezmo\AppData\Roaming\npm-cache correctMkdir not in flight; initializing
42 silly rollbackFailedOptional Starting
43 silly rollbackFailedOptional Finishing
44 silly runTopLevelLifecycles Finishing
45 silly install printInstalled
46 verbose stack Error: Registry returned 404 for GET on http://registry.npmjs.org/05pantallanueva
46 verbose stack     at makeError (D:\Programas\nodejs\node_modules\npm\node_modules\npm-registry-client\lib\request.js:302:12)
46 verbose stack     at CachingRegistryClient.<anonymous> (D:\Programas\nodejs\node_modules\npm\node_modules\npm-registry-client\lib\request.js:280:14)
46 verbose stack     at Request._callback (D:\Programas\nodejs\node_modules\npm\node_modules\npm-registry-client\lib\request.js:210:14)
46 verbose stack     at Request.self.callback (D:\Programas\nodejs\node_modules\npm\node_modules\request\request.js:187:22)
46 verbose stack     at emitTwo (events.js:106:13)
46 verbose stack     at Request.emit (events.js:191:7)
46 verbose stack     at Request.<anonymous> (D:\Programas\nodejs\node_modules\npm\node_modules\request\request.js:1048:10)
46 verbose stack     at emitOne (events.js:96:13)
46 verbose stack     at Request.emit (events.js:188:7)
46 verbose stack     at IncomingMessage.<anonymous> (D:\Programas\nodejs\node_modules\npm\node_modules\request\request.js:969:12)
47 verbose statusCode 404
48 verbose pkgid 05pantallanueva
49 verbose cwd D:\REACT\REACT
50 error Windows_NT 6.1.7601
51 error argv "D:\\Programas\\nodejs\\node.exe" "D:\\Programas\\nodejs\\node_modules\\npm\\bin\\npm-cli.js" "install" "-g" "create-react-app" "05pantallanueva"
52 error node v6.11.4
53 error npm  v3.10.10
54 error code E404
55 error 404 Registry returned 404 for GET on http://registry.npmjs.org/05pantallanueva
56 error 404
57 error 404 '05pantallanueva' is not in the npm registry.
58 error 404 You should bug the author to publish it (or use the name yourself!)
59 error 404 Note that you can also install from a
60 error 404 tarball, folder, http url, or git url.
61 verbose exit [ 1, true ]
